<?xml version="1.0" encoding="UTF-8"?>
<testsuite name="com.example.findwise.document.DocumentControllerTest" tests="5" skipped="0" failures="0" errors="0" timestamp="2022-01-10T09:03:34" hostname="DESKTOP-48355KO" time="0.618">
  <properties/>
  <testcase name="addDocumentShouldOk()" classname="com.example.findwise.document.DocumentControllerTest" time="0.601"/>
  <testcase name="addDocumentsShouldOk()" classname="com.example.findwise.document.DocumentControllerTest" time="0.002"/>
  <testcase name="findDocumentsByWordShouldReturnListWithDocuments()" classname="com.example.findwise.document.DocumentControllerTest" time="0.004"/>
  <testcase name="findDocumentsByWordShouldReturnEmptyList()" classname="com.example.findwise.document.DocumentControllerTest" time="0.002"/>
  <testcase name="addDocumentWithExistentDocumentIdShouldThrow()" classname="com.example.findwise.document.DocumentControllerTest" time="0.006"/>
  <system-out><![CDATA[10:03:35.440 [Test worker] INFO com.example.findwise.document.DocumentController - Received POST request for adding a document=DocumentDTO(id=1, content=Test content)
10:03:35.475 [Test worker] INFO com.example.findwise.document.DocumentController - Received POST request for adding a list of documents=[DocumentDTO(id=1, content=Test content)]
10:03:35.480 [Test worker] INFO com.example.findwise.document.DocumentController - Received GET request for search by term=Test
10:03:35.483 [Test worker] INFO com.example.findwise.document.DocumentController - Received GET request for search by term=Test
10:03:35.489 [Test worker] INFO com.example.findwise.document.DocumentController - Received POST request for adding a document=null
]]></system-out>
  <system-err><![CDATA[]]></system-err>
</testsuite>
