<?xml version="1.0" encoding="UTF-8"?>
<testsuite name="com.example.findwise.document.DocumentMapperTest" tests="2" skipped="0" failures="0" errors="0" timestamp="2022-01-10T09:03:35" hostname="DESKTOP-48355KO" time="0.002">
  <properties/>
  <testcase name="convertToDocumentShouldOk()" classname="com.example.findwise.document.DocumentMapperTest" time="0.001"/>
  <testcase name="convertToDocumentResponseDTOShouldOk()" classname="com.example.findwise.document.DocumentMapperTest" time="0.0"/>
  <system-out><![CDATA[]]></system-out>
  <system-err><![CDATA[]]></system-err>
</testsuite>
